<?xml version="1.0" encoding="UTF-8"?>
<testng-results skipped="0" failed="0" total="0" passed="0">
  <reporter-output>
  </reporter-output>
  <suite name="qa.Assignment.Test" duration-ms="11" started-at="2017-11-23T19:07:24Z" finished-at="2017-11-23T19:07:24Z">
    <groups>
    </groups>
    <test name="Command line test" duration-ms="11" started-at="2017-11-23T19:07:24Z" finished-at="2017-11-23T19:07:24Z">
    </test> <!-- Command line test -->
  </suite> <!-- qa.Assignment.Test -->
</testng-results>
